<?xml version="1.0" encoding="UTF-8"?>
<!-- Generated by org.testng.reporters.JUnitReportReporter -->
<testsuite hostname="OMANTA-PC" failures="0" tests="1" name="AbrePortalRestPackage.VerificarCartaRestaurante" time="3.187" errors="0" timestamp="2022-04-05T17:34:44 CEST" skipped="0">
  <testcase classname="AbrePortalRestPackage.VerificarCartaRestaurante" name="verificarCartaRestaurante" time="3.187"/>
  <system-out>
    <![CDATA[Hemos encontrado 7 familias ]]>
  </system-out>
</testsuite> <!-- AbrePortalRestPackage.VerificarCartaRestaurante -->
