<?xml version="1.0" encoding="UTF-8"?>
<!-- Generated by org.testng.reporters.JUnitReportReporter -->
<testsuite hostname="OMANTA-PC" failures="0" tests="1" name="AbrePortalRestPackage.VerificarCartaRestaurante" time="1.087" errors="0" timestamp="2022-04-07T12:24:13 CEST" skipped="0">
  <testcase classname="AbrePortalRestPackage.VerificarCartaRestaurante" name="verificarCartaRestaurante" time="1.087"/>
  <system-out>
    <![CDATA[Hemos encontrado 6 familias ]]>
  </system-out>
</testsuite> <!-- AbrePortalRestPackage.VerificarCartaRestaurante -->
