<?xml version="1.0" encoding="UTF-8"?>
<!-- Generated by org.testng.reporters.JUnitReportReporter -->
<testsuite hostname="OMANTA-PC" failures="0" tests="1" name="AbrePortalRestPackage.FichaRestaurante" time="4.422" errors="0" timestamp="2022-04-05T11:34:55 CEST" skipped="0">
  <testcase classname="AbrePortalRestPackage.FichaRestaurante" name="verificaFichaRestaurante" time="4.422"/>
  <system-out>
    <![CDATA[Hemos encontrado la classe shop-data-title con valor: KataRest Real]]>
  </system-out>
</testsuite> <!-- AbrePortalRestPackage.FichaRestaurante -->
