<?xml version="1.0" encoding="UTF-8"?>
<!-- Generated by org.testng.reporters.JUnitReportReporter -->
<testsuite hostname="OMANTA-PC" failures="0" tests="2" name="AbrePortalRestPackage.AbrirUrl" time="8.600" errors="0" timestamp="2022-04-07T12:19:41 CEST" skipped="0">
  <testcase classname="AbrePortalRestPackage.AbrirUrl" name="AbrirURL" time="4.582"/>
  <system-out>
    <![CDATA[Página Cargada - Title: PortalRest2]]>
  </system-out>
  <testcase classname="AbrePortalRestPackage.AbrirUrl" name="AbrirURL" time="4.018"/>
  <system-out>
    <![CDATA[Página Cargada - Title: PortalRest2]]>
  </system-out>
</testsuite> <!-- AbrePortalRestPackage.AbrirUrl -->
