<?xml version="1.0" encoding="UTF-8"?>
<!-- Generated by org.testng.reporters.JUnitReportReporter -->
<testsuite hostname="OMANTA-PC" failures="0" tests="1" name="AbrePortalRestPackage.AbrirUrl" time="3.095" errors="0" timestamp="2022-04-05T17:34:44 CEST" skipped="0">
  <testcase classname="AbrePortalRestPackage.AbrirUrl" name="AbrirURL" time="3.095"/>
  <system-out>
    <![CDATA[PÃ¡gina Cargada - Title: PortalRest2]]>
  </system-out>
</testsuite> <!-- AbrePortalRestPackage.AbrirUrl -->
