<?xml version="1.0" encoding="UTF-8"?>
<!-- Generated by org.testng.reporters.JUnitReportReporter -->
<testsuite hostname="OMANTA-PC" failures="0" tests="2" name="firstTestPackage.AbrePortalRest" time="7.043" errors="0" timestamp="2022-04-04T16:14:13 CEST" skipped="0">
  <testcase classname="firstTestPackage.AbrePortalRest" name="abreFichaRestaurante" time="6.003"/>
  <system-out>
    <![CDATA[Hemos encontrado la classe shop-data-title con valor: KataRest Real]]>
  </system-out>
  <testcase classname="firstTestPackage.AbrePortalRest" name="verificarCookies" time="1.040"/>
  <system-out>
    <![CDATA[Hemos encontrado la classe cookies-info-content]]>
  </system-out>
</testsuite> <!-- firstTestPackage.AbrePortalRest -->
