<?xml version="1.0" encoding="UTF-8"?>
<!-- Generated by org.testng.reporters.JUnitReportReporter -->
<testsuite hostname="OMANTA-PC" failures="0" tests="2" name="firstTestPackage.PortalRestVerificaQRS" time="5.520" errors="0" timestamp="2022-04-04T11:29:51 CEST" skipped="0">
  <testcase classname="firstTestPackage.PortalRestVerificaQRS" name="vericarFichaRestaurante" time="4.484"/>
  <system-out>
    <![CDATA[Hemos encontrado la classe shop-data-title]]>
  </system-out>
  <testcase classname="firstTestPackage.PortalRestVerificaQRS" name="verificarCookies" time="1.036"/>
  <system-out>
    <![CDATA[Hemos encontrado la classe cookies-info-content]]>
  </system-out>
</testsuite> <!-- firstTestPackage.PortalRestVerificaQRS -->
