<?xml version="1.0" encoding="UTF-8"?>
<!-- Generated by org.testng.reporters.JUnitReportReporter -->
<testsuite hostname="OMANTA-PC" failures="0" tests="1" name="AbrePortalRestPackage.VerificarFichaRestaurante" time="3.241" errors="0" timestamp="2022-04-05T12:43:42 CEST" skipped="0">
  <testcase classname="AbrePortalRestPackage.VerificarFichaRestaurante" name="verificaFichaRestaurante" time="3.241"/>
  <system-out>
    <![CDATA[Hemos encontrado la classe shop-data-title con valor: KataRest Real]]>
  </system-out>
</testsuite> <!-- AbrePortalRestPackage.VerificarFichaRestaurante -->
