<?xml version="1.0" encoding="UTF-8"?>
<!-- Generated by org.testng.reporters.JUnitReportReporter -->
<testsuite hostname="OMANTA-PC" failures="0" tests="2" name="AbrePortalRestPackage.VerificarCookies" time="2.221" errors="0" timestamp="2022-04-13T18:39:55 CEST" skipped="0">
  <testcase classname="AbrePortalRestPackage.VerificarCookies" name="verificarCookies" time="1.038"/>
  <system-out>
    <![CDATA[Hemos encontrado la classe cookies-info-content]]>
  </system-out>
  <testcase classname="AbrePortalRestPackage.VerificarCookies" name="aceptaCookies" time="1.183"/>
  <system-out>
    <![CDATA[Hemos aceptado las cookies]]>
  </system-out>
</testsuite> <!-- AbrePortalRestPackage.VerificarCookies -->
