<?xml version="1.0" encoding="UTF-8"?>
<!-- Generated by org.testng.reporters.JUnitReportReporter -->
<testsuite hostname="OMANTA-PC" failures="0" tests="1" name="AbrePortalRestPackage.VerificarFichaRestaurante" time="1.696" errors="0" timestamp="2022-04-13T18:39:55 CEST" skipped="0">
  <testcase classname="AbrePortalRestPackage.VerificarFichaRestaurante" name="verificaFichaRestaurante" time="1.696"/>
  <system-out>
    <![CDATA[Hemos encontrado la classe shop-data-title con valor: Cafeteria ICG PortalTest]]>
  </system-out>
</testsuite> <!-- AbrePortalRestPackage.VerificarFichaRestaurante -->
