<?xml version="1.0" encoding="UTF-8"?>
<!-- Generated by org.testng.reporters.JUnitReportReporter -->
<testsuite hostname="OMANTA-PC" failures="0" tests="2" name="AbrePortalRestPackage.VerificarCookies" time="2.158" errors="0" timestamp="2022-07-14T10:42:32 CEST" skipped="0">
  <testcase classname="AbrePortalRestPackage.VerificarCookies" name="verificarCookies" time="1.036"/>
  <system-out>
    <![CDATA[Hemos encontrado la classe cookies-info-content]]>
  </system-out>
  <testcase classname="AbrePortalRestPackage.VerificarCookies" name="aceptaCookies" time="1.122"/>
  <system-out>
    <![CDATA[Hemos aceptado las cookies]]>
  </system-out>
</testsuite> <!-- AbrePortalRestPackage.VerificarCookies -->
