<?xml version="1.0" encoding="UTF-8"?>
<!-- Generated by org.testng.reporters.JUnitReportReporter -->
<testsuite hostname="OMANTA-PC" failures="0" tests="1" name="AbrePortalRestPackage.VerificarFichaRestaurante" time="2.195" errors="0" timestamp="2022-04-13T11:59:39 CEST" skipped="0">
  <testcase classname="AbrePortalRestPackage.VerificarFichaRestaurante" name="verificaFichaRestaurante" time="2.195"/>
  <system-out>
    <![CDATA[Hemos encontrado la classe shop-data-title con valor: Cafeteria ICG PortalTest]]>
  </system-out>
</testsuite> <!-- AbrePortalRestPackage.VerificarFichaRestaurante -->
